<?xml version="1.0" encoding="UTF-8"?>
<!-- Generated by org.testng.reporters.JUnitXMLReporter -->
<testsuite ignored="0" hostname="DESKTOP-SEQD9CK" failures="1" tests="1" name="firefoxTest" time="116.922" errors="0" timestamp="2023-06-20T14:03:10 IST">
  <testcase classname="crossbrowser.NewClassUse" name="e" time="115.502">
    <failure type="org.openqa.selenium.WebDriverException" message="Reached error page: about:neterror?e=netTimeout&amp;amp;u=https%3A//policybazar.com/&amp;amp;c=UTF-8&amp;amp;d=The%20server%20at%20policybazar.com%20is%20taking%20too%20long%20to%20respond.
Build info: version: &amp;apos;4.8.3&amp;apos;, revision: &amp;apos;b19b418e60&amp;apos;
System info: os.name: &amp;apos;Windows 10&amp;apos;, os.arch: &amp;apos;amd64&amp;apos;, os.version: &amp;apos;10.0&amp;apos;, java.version: &amp;apos;17.0.6&amp;apos;
Driver info: org.openqa.selenium.firefox.FirefoxDriver
Command: [b73ebf8f-ecc8-45b0-a5b0-9167fba3469e, get {url=https://policybazar.com/}]
Capabilities {acceptInsecureCerts: true, browserName: firefox, browserVersion: 114.0.1, moz:accessibilityChecks: false, moz:buildID: 20230608214645, moz:debuggerAddress: 127.0.0.1:9055, moz:geckodriverVersion: 0.33.0, moz:headless: false, moz:platformVersion: 10.0, moz:processID: 9544, moz:profile: C:\Users\si\AppData\Local\T..., moz:shutdownTimeout: 60000, moz:useNonSpecCompliantPointerOrigin: false, moz:webdriverClick: true, moz:windowless: false, pageLoadStrategy: normal, platformName: WINDOWS, proxy: Proxy(), se:cdp: ws://127.0.0.1:9055/devtool..., se:cdpVersion: 85.0, setWindowRect: true, strictFileInteractability: false, timeouts: {implicit: 0, pageLoad: 300000, script: 30000}, unhandledPromptBehavior: dismiss and notify}
Session ID: b73ebf8f-ecc8-45b0-a5b0-9167fba3469e">
      <![CDATA[org.openqa.selenium.WebDriverException: Reached error page: about:neterror?e=netTimeout&u=https%3A//policybazar.com/&c=UTF-8&d=The%20server%20at%20policybazar.com%20is%20taking%20too%20long%20to%20respond.
Build info: version: '4.8.3', revision: 'b19b418e60'
System info: os.name: 'Windows 10', os.arch: 'amd64', os.version: '10.0', java.version: '17.0.6'
Driver info: org.openqa.selenium.firefox.FirefoxDriver
Command: [b73ebf8f-ecc8-45b0-a5b0-9167fba3469e, get {url=https://policybazar.com/}]
Capabilities {acceptInsecureCerts: true, browserName: firefox, browserVersion: 114.0.1, moz:accessibilityChecks: false, moz:buildID: 20230608214645, moz:debuggerAddress: 127.0.0.1:9055, moz:geckodriverVersion: 0.33.0, moz:headless: false, moz:platformVersion: 10.0, moz:processID: 9544, moz:profile: C:\Users\si\AppData\Local\T..., moz:shutdownTimeout: 60000, moz:useNonSpecCompliantPointerOrigin: false, moz:webdriverClick: true, moz:windowless: false, pageLoadStrategy: normal, platformName: WINDOWS, proxy: Proxy(), se:cdp: ws://127.0.0.1:9055/devtool..., se:cdpVersion: 85.0, setWindowRect: true, strictFileInteractability: false, timeouts: {implicit: 0, pageLoad: 300000, script: 30000}, unhandledPromptBehavior: dismiss and notify}
Session ID: b73ebf8f-ecc8-45b0-a5b0-9167fba3469e
at org.openqa.selenium.remote.codec.w3c.W3CHttpResponseCodec.createException(W3CHttpResponseCodec.java:200)
at org.openqa.selenium.remote.codec.w3c.W3CHttpResponseCodec.decode(W3CHttpResponseCodec.java:133)
at org.openqa.selenium.remote.codec.w3c.W3CHttpResponseCodec.decode(W3CHttpResponseCodec.java:53)
at org.openqa.selenium.remote.HttpCommandExecutor.execute(HttpCommandExecutor.java:193)
at org.openqa.selenium.remote.service.DriverCommandExecutor.invokeExecute(DriverCommandExecutor.java:183)
at org.openqa.selenium.remote.service.DriverCommandExecutor.execute(DriverCommandExecutor.java:158)
at org.openqa.selenium.remote.RemoteWebDriver.execute(RemoteWebDriver.java:543)
at org.openqa.selenium.remote.RemoteWebDriver.get(RemoteWebDriver.java:297)
at crossbrowser.NewClassUse.e(NewClassUse.java:42)
at java.base/java.util.ArrayList.forEach(ArrayList.java:1511)
... Removed 32 stack frames]]>
    </failure>
  </testcase> <!-- e -->
</testsuite> <!-- firefoxTest -->
