<?xml version="1.0" encoding="UTF-8"?>
<!-- Generated by org.testng.reporters.JUnitXMLReporter -->
<testsuite ignored="0" hostname="DESKTOP-SEQD9CK" failures="1" tests="8" name="Test" time="1.741" errors="0" timestamp="2023-06-29T17:53:31 IST">
  <testcase classname="listner.SampleTest2" name="TC6" time="0.025">
    <failure type="java.lang.AssertionError" message="null">
      <![CDATA[java.lang.AssertionError: null
at listner.SampleTest2.TC6(SampleTest2.java:17)
at java.base/java.util.ArrayList.forEach(ArrayList.java:1511)
... Removed 29 stack frames]]>
    </failure>
  </testcase> <!-- TC6 -->
  <testcase classname="listner.SampleTest2" name="TC5" time="0.005"/>
  <testcase classname="listner.SampleTest2" name="TC8" time="0.003"/>
  <testcase classname="listner.SampleTest2" name="TC7" time="0.0">
    <skipped/>
  </testcase> <!-- TC7 -->
  <testcase classname="listner.SampleTest1" name="TC1" time="0.007"/>
  <testcase classname="listner.SampleTest1" name="TC2" time="1.531"/>
  <testcase classname="listner.SampleTest1" name="TC4" time="0.005"/>
  <testcase classname="listner.SampleTest1" name="TC3" time="0.007"/>
</testsuite> <!-- Test -->
